<?xml version="1.0" encoding="UTF-8"?>
<!-- Generated by org.testng.reporters.JUnitXMLReporter -->
<testsuite hostname="ADMINRG-5P4SOQB" ignored="0" name="Free CRM App Test Cases" tests="12" failures="0" timestamp="17 Jun 2018 17:41:27 GMT" time="217.612" errors="0">
  <testcase name="loginPageTitleTest" time="0.054" classname="com.crm.qa.testcases.LoginPageTest"/>
  <testcase name="verifyHomePageTileTest" time="0.021" classname="com.crm.qa.testcases.HomePageTest"/>
  <testcase name="verifyContactLabelTest" time="0.046" classname="com.crm.qa.testcases.ContactsPageTest"/>
  <testcase name="crmLogoImageTest" time="0.058" classname="com.crm.qa.testcases.LoginPageTest"/>
  <testcase name="verifyCorrectUserNameTest" time="0.111" classname="com.crm.qa.testcases.HomePageTest"/>
  <testcase name="selectsSingleContactsByNameTest" time="0.186" classname="com.crm.qa.testcases.ContactsPageTest"/>
  <testcase name="loginTest" time="8.115" classname="com.crm.qa.testcases.LoginPageTest"/>
  <testcase name="verifyContactsLinkTest" time="1.377" classname="com.crm.qa.testcases.HomePageTest"/>
  <testcase name="selectsDoubleContactsByNameTest" time="0.277" classname="com.crm.qa.testcases.ContactsPageTest"/>
  <testcase name="vaidateCreateNewContact" time="5.734" classname="com.crm.qa.testcases.ContactsPageTest"/>
  <testcase name="vaidateCreateNewContact" time="4.764" classname="com.crm.qa.testcases.ContactsPageTest"/>
  <testcase name="vaidateCreateNewContact" time="4.02" classname="com.crm.qa.testcases.ContactsPageTest"/>
</testsuite> <!-- Free CRM App Test Cases -->
