<?xml version="1.0" encoding="UTF-8"?>
<!-- Generated by org.testng.reporters.JUnitXMLReporter -->
<testsuite hostname="ADMINRG-5P4SOQB" ignored="0" name="Free CRM App Test Cases" tests="9" failures="0" timestamp="14 Jun 2018 19:07:15 GMT" time="132.833" errors="0">
  <testcase name="loginPageTitleTest" time="0.056" classname="com.crm.qa.testcases.LoginPageTest"/>
  <testcase name="verifyHomePageTileTest" time="0.012" classname="com.crm.qa.testcases.HomePageTest"/>
  <testcase name="verifyContactLabelTest" time="0.046" classname="com.crm.qa.testcases.ContactsPageTest"/>
  <testcase name="crmLogoImageTest" time="0.101" classname="com.crm.qa.testcases.LoginPageTest"/>
  <testcase name="verifyCorrectUserNameTest" time="0.109" classname="com.crm.qa.testcases.HomePageTest"/>
  <testcase name="selectsSingleContactsByNameTest" time="0.132" classname="com.crm.qa.testcases.ContactsPageTest"/>
  <testcase name="loginTest" time="6.481" classname="com.crm.qa.testcases.LoginPageTest"/>
  <testcase name="verifyContactsLinkTest" time="1.413" classname="com.crm.qa.testcases.HomePageTest"/>
  <testcase name="selectsDoubleContactsByNameTest" time="0.29" classname="com.crm.qa.testcases.ContactsPageTest"/>
</testsuite> <!-- Free CRM App Test Cases -->
