<?xml version="1.0" encoding="UTF-8"?>
<!-- Generated by org.testng.reporters.JUnitXMLReporter -->
<testsuite hostname="ADMINRG-5P4SOQB" ignored="0" name="Default test" tests="3" failures="0" timestamp="14 Jun 2018 18:36:36 GMT" time="75.083" errors="0">
  <testcase name="verifyContactLabelTest" time="0.054" classname="com.crm.qa.testcases.ContactsPageTest"/>
  <testcase name="selectsSingleContactsByNameTest" time="0.203" classname="com.crm.qa.testcases.ContactsPageTest"/>
  <testcase name="selectsDoubleContactsByNameTest" time="0.292" classname="com.crm.qa.testcases.ContactsPageTest"/>
</testsuite> <!-- Default test -->
