<?xml version="1.0" encoding="UTF-8"?>
<testng-results skipped="0" failed="0" ignored="0" total="12" passed="12">
  <reporter-output>
  </reporter-output>
  <suite name="Free CRM Application Test Automation suite" duration-ms="217612" started-at="2018-06-17T17:37:49Z" finished-at="2018-06-17T17:41:27Z">
    <groups>
    </groups>
    <test name="Free CRM App Test Cases" duration-ms="217612" started-at="2018-06-17T17:37:49Z" finished-at="2018-06-17T17:41:27Z">
      <class name="com.crm.qa.testcases.HomePageTest">
        <test-method status="PASS" signature="setUp()[pri:0, instance:com.crm.qa.testcases.HomePageTest@146ba0ac]" name="setUp" is-config="true" duration-ms="26121" started-at="2018-06-17T23:08:07Z" finished-at="2018-06-17T23:08:33Z">
          <reporter-output>
          </reporter-output>
        </test-method> <!-- setUp -->
        <test-method status="PASS" signature="verifyHomePageTileTest()[pri:1, instance:com.crm.qa.testcases.HomePageTest@146ba0ac]" name="verifyHomePageTileTest" duration-ms="21" started-at="2018-06-17T23:08:33Z" finished-at="2018-06-17T23:08:33Z">
          <reporter-output>
          </reporter-output>
        </test-method> <!-- verifyHomePageTileTest -->
        <test-method status="PASS" signature="tearDown()[pri:0, instance:com.crm.qa.testcases.HomePageTest@146ba0ac]" name="tearDown" is-config="true" duration-ms="716" started-at="2018-06-17T23:08:33Z" finished-at="2018-06-17T23:08:34Z">
          <reporter-output>
          </reporter-output>
        </test-method> <!-- tearDown -->
        <test-method status="PASS" signature="setUp()[pri:0, instance:com.crm.qa.testcases.HomePageTest@146ba0ac]" name="setUp" is-config="true" duration-ms="11618" started-at="2018-06-17T23:09:04Z" finished-at="2018-06-17T23:09:15Z">
          <reporter-output>
          </reporter-output>
        </test-method> <!-- setUp -->
        <test-method status="PASS" signature="verifyCorrectUserNameTest()[pri:2, instance:com.crm.qa.testcases.HomePageTest@146ba0ac]" name="verifyCorrectUserNameTest" duration-ms="111" started-at="2018-06-17T23:09:15Z" finished-at="2018-06-17T23:09:16Z">
          <reporter-output>
          </reporter-output>
        </test-method> <!-- verifyCorrectUserNameTest -->
        <test-method status="PASS" signature="tearDown()[pri:0, instance:com.crm.qa.testcases.HomePageTest@146ba0ac]" name="tearDown" is-config="true" duration-ms="718" started-at="2018-06-17T23:09:16Z" finished-at="2018-06-17T23:09:16Z">
          <reporter-output>
          </reporter-output>
        </test-method> <!-- tearDown -->
        <test-method status="PASS" signature="setUp()[pri:0, instance:com.crm.qa.testcases.HomePageTest@146ba0ac]" name="setUp" is-config="true" duration-ms="12560" started-at="2018-06-17T23:09:49Z" finished-at="2018-06-17T23:10:02Z">
          <reporter-output>
          </reporter-output>
        </test-method> <!-- setUp -->
        <test-method status="PASS" signature="verifyContactsLinkTest()[pri:3, instance:com.crm.qa.testcases.HomePageTest@146ba0ac]" name="verifyContactsLinkTest" duration-ms="1377" started-at="2018-06-17T23:10:02Z" finished-at="2018-06-17T23:10:03Z">
          <reporter-output>
          </reporter-output>
        </test-method> <!-- verifyContactsLinkTest -->
        <test-method status="PASS" signature="tearDown()[pri:0, instance:com.crm.qa.testcases.HomePageTest@146ba0ac]" name="tearDown" is-config="true" duration-ms="780" started-at="2018-06-17T23:10:03Z" finished-at="2018-06-17T23:10:04Z">
          <reporter-output>
          </reporter-output>
        </test-method> <!-- tearDown -->
      </class> <!-- com.crm.qa.testcases.HomePageTest -->
      <class name="com.crm.qa.testcases.ContactsPageTest">
        <test-method status="PASS" signature="setUp()[pri:0, instance:com.crm.qa.testcases.ContactsPageTest@4dfa3a9d]" name="setUp" is-config="true" duration-ms="18871" started-at="2018-06-17T23:08:34Z" finished-at="2018-06-17T23:08:53Z">
          <reporter-output>
          </reporter-output>
        </test-method> <!-- setUp -->
        <test-method status="PASS" signature="verifyContactLabelTest()[pri:1, instance:com.crm.qa.testcases.ContactsPageTest@4dfa3a9d]" name="verifyContactLabelTest" duration-ms="46" started-at="2018-06-17T23:08:53Z" finished-at="2018-06-17T23:08:53Z">
          <reporter-output>
          </reporter-output>
        </test-method> <!-- verifyContactLabelTest -->
        <test-method status="PASS" signature="tearDown()[pri:0, instance:com.crm.qa.testcases.ContactsPageTest@4dfa3a9d]" name="tearDown" is-config="true" duration-ms="725" started-at="2018-06-17T23:08:53Z" finished-at="2018-06-17T23:08:53Z">
          <reporter-output>
          </reporter-output>
        </test-method> <!-- tearDown -->
        <test-method status="PASS" signature="setUp()[pri:0, instance:com.crm.qa.testcases.ContactsPageTest@4dfa3a9d]" name="setUp" is-config="true" duration-ms="14452" started-at="2018-06-17T23:09:16Z" finished-at="2018-06-17T23:09:31Z">
          <reporter-output>
          </reporter-output>
        </test-method> <!-- setUp -->
        <test-method status="PASS" signature="selectsSingleContactsByNameTest()[pri:2, instance:com.crm.qa.testcases.ContactsPageTest@4dfa3a9d]" name="selectsSingleContactsByNameTest" duration-ms="186" started-at="2018-06-17T23:09:31Z" finished-at="2018-06-17T23:09:31Z">
          <reporter-output>
          </reporter-output>
        </test-method> <!-- selectsSingleContactsByNameTest -->
        <test-method status="PASS" signature="tearDown()[pri:0, instance:com.crm.qa.testcases.ContactsPageTest@4dfa3a9d]" name="tearDown" is-config="true" duration-ms="746" started-at="2018-06-17T23:09:31Z" finished-at="2018-06-17T23:09:32Z">
          <reporter-output>
          </reporter-output>
        </test-method> <!-- tearDown -->
        <test-method status="PASS" signature="setUp()[pri:0, instance:com.crm.qa.testcases.ContactsPageTest@4dfa3a9d]" name="setUp" is-config="true" duration-ms="14183" started-at="2018-06-17T23:10:04Z" finished-at="2018-06-17T23:10:18Z">
          <reporter-output>
          </reporter-output>
        </test-method> <!-- setUp -->
        <test-method status="PASS" signature="selectsDoubleContactsByNameTest()[pri:3, instance:com.crm.qa.testcases.ContactsPageTest@4dfa3a9d]" name="selectsDoubleContactsByNameTest" duration-ms="277" started-at="2018-06-17T23:10:18Z" finished-at="2018-06-17T23:10:18Z">
          <reporter-output>
          </reporter-output>
        </test-method> <!-- selectsDoubleContactsByNameTest -->
        <test-method status="PASS" signature="tearDown()[pri:0, instance:com.crm.qa.testcases.ContactsPageTest@4dfa3a9d]" name="tearDown" is-config="true" duration-ms="738" started-at="2018-06-17T23:10:18Z" finished-at="2018-06-17T23:10:19Z">
          <reporter-output>
          </reporter-output>
        </test-method> <!-- tearDown -->
        <test-method status="PASS" signature="setUp()[pri:0, instance:com.crm.qa.testcases.ContactsPageTest@4dfa3a9d]" name="setUp" is-config="true" duration-ms="18682" started-at="2018-06-17T23:10:21Z" finished-at="2018-06-17T23:10:40Z">
          <reporter-output>
          </reporter-output>
        </test-method> <!-- setUp -->
        <test-method status="PASS" signature="vaidateCreateNewContact(java.lang.String, java.lang.String, java.lang.String, java.lang.String)[pri:4, instance:com.crm.qa.testcases.ContactsPageTest@4dfa3a9d]" name="vaidateCreateNewContact" duration-ms="5734" started-at="2018-06-17T23:10:40Z" data-provider="getCRMTestData" finished-at="2018-06-17T23:10:45Z">
          <params>
            <param index="0">
              <value>
                <![CDATA[Mr.]]>
              </value>
            </param>
            <param index="1">
              <value>
                <![CDATA[Bhanu]]>
              </value>
            </param>
            <param index="2">
              <value>
                <![CDATA[Pratap]]>
              </value>
            </param>
            <param index="3">
              <value>
                <![CDATA[Google]]>
              </value>
            </param>
          </params>
          <reporter-output>
          </reporter-output>
        </test-method> <!-- vaidateCreateNewContact -->
        <test-method status="PASS" signature="tearDown()[pri:0, instance:com.crm.qa.testcases.ContactsPageTest@4dfa3a9d]" name="tearDown" is-config="true" duration-ms="737" started-at="2018-06-17T23:10:45Z" finished-at="2018-06-17T23:10:46Z">
          <reporter-output>
          </reporter-output>
        </test-method> <!-- tearDown -->
        <test-method status="PASS" signature="setUp()[pri:0, instance:com.crm.qa.testcases.ContactsPageTest@4dfa3a9d]" name="setUp" is-config="true" duration-ms="15109" started-at="2018-06-17T23:10:46Z" finished-at="2018-06-17T23:11:01Z">
          <reporter-output>
          </reporter-output>
        </test-method> <!-- setUp -->
        <test-method status="PASS" signature="vaidateCreateNewContact(java.lang.String, java.lang.String, java.lang.String, java.lang.String)[pri:4, instance:com.crm.qa.testcases.ContactsPageTest@4dfa3a9d]" name="vaidateCreateNewContact" duration-ms="4764" started-at="2018-06-17T23:11:01Z" data-provider="getCRMTestData" finished-at="2018-06-17T23:11:06Z">
          <params>
            <param index="0">
              <value>
                <![CDATA[Dr.]]>
              </value>
            </param>
            <param index="1">
              <value>
                <![CDATA[Vanya]]>
              </value>
            </param>
            <param index="2">
              <value>
                <![CDATA[Mishra]]>
              </value>
            </param>
            <param index="3">
              <value>
                <![CDATA[RKM]]>
              </value>
            </param>
          </params>
          <reporter-output>
          </reporter-output>
        </test-method> <!-- vaidateCreateNewContact -->
        <test-method status="PASS" signature="tearDown()[pri:0, instance:com.crm.qa.testcases.ContactsPageTest@4dfa3a9d]" name="tearDown" is-config="true" duration-ms="763" started-at="2018-06-17T23:11:06Z" finished-at="2018-06-17T23:11:07Z">
          <reporter-output>
          </reporter-output>
        </test-method> <!-- tearDown -->
        <test-method status="PASS" signature="setUp()[pri:0, instance:com.crm.qa.testcases.ContactsPageTest@4dfa3a9d]" name="setUp" is-config="true" duration-ms="15129" started-at="2018-06-17T23:11:07Z" finished-at="2018-06-17T23:11:22Z">
          <reporter-output>
          </reporter-output>
        </test-method> <!-- setUp -->
        <test-method status="PASS" signature="vaidateCreateNewContact(java.lang.String, java.lang.String, java.lang.String, java.lang.String)[pri:4, instance:com.crm.qa.testcases.ContactsPageTest@4dfa3a9d]" name="vaidateCreateNewContact" duration-ms="4020" started-at="2018-06-17T23:11:22Z" data-provider="getCRMTestData" finished-at="2018-06-17T23:11:26Z">
          <params>
            <param index="0">
              <value>
                <![CDATA[Mrs.]]>
              </value>
            </param>
            <param index="1">
              <value>
                <![CDATA[Priya]]>
              </value>
            </param>
            <param index="2">
              <value>
                <![CDATA[Pandu]]>
              </value>
            </param>
            <param index="3">
              <value>
                <![CDATA[Miscro]]>
              </value>
            </param>
          </params>
          <reporter-output>
          </reporter-output>
        </test-method> <!-- vaidateCreateNewContact -->
        <test-method status="PASS" signature="tearDown()[pri:0, instance:com.crm.qa.testcases.ContactsPageTest@4dfa3a9d]" name="tearDown" is-config="true" duration-ms="758" started-at="2018-06-17T23:11:26Z" finished-at="2018-06-17T23:11:27Z">
          <reporter-output>
          </reporter-output>
        </test-method> <!-- tearDown -->
      </class> <!-- com.crm.qa.testcases.ContactsPageTest -->
      <class name="com.crm.qa.testcases.LoginPageTest">
        <test-method status="PASS" signature="setUp()[pri:0, instance:com.crm.qa.testcases.LoginPageTest@754ba872]" name="setUp" is-config="true" duration-ms="16954" started-at="2018-06-17T23:07:49Z" finished-at="2018-06-17T23:08:06Z">
          <reporter-output>
          </reporter-output>
        </test-method> <!-- setUp -->
        <test-method status="PASS" signature="loginPageTitleTest()[pri:1, instance:com.crm.qa.testcases.LoginPageTest@754ba872]" name="loginPageTitleTest" duration-ms="54" started-at="2018-06-17T23:08:06Z" finished-at="2018-06-17T23:08:06Z">
          <reporter-output>
          </reporter-output>
        </test-method> <!-- loginPageTitleTest -->
        <test-method status="PASS" signature="tearDown()[pri:0, instance:com.crm.qa.testcases.LoginPageTest@754ba872]" name="tearDown" is-config="true" duration-ms="941" started-at="2018-06-17T23:08:06Z" finished-at="2018-06-17T23:08:07Z">
          <reporter-output>
          </reporter-output>
        </test-method> <!-- tearDown -->
        <test-method status="PASS" signature="setUp()[pri:0, instance:com.crm.qa.testcases.LoginPageTest@754ba872]" name="setUp" is-config="true" duration-ms="9425" started-at="2018-06-17T23:08:53Z" finished-at="2018-06-17T23:09:03Z">
          <reporter-output>
          </reporter-output>
        </test-method> <!-- setUp -->
        <test-method status="PASS" signature="crmLogoImageTest()[pri:2, instance:com.crm.qa.testcases.LoginPageTest@754ba872]" name="crmLogoImageTest" duration-ms="58" started-at="2018-06-17T23:09:03Z" finished-at="2018-06-17T23:09:03Z">
          <reporter-output>
          </reporter-output>
        </test-method> <!-- crmLogoImageTest -->
        <test-method status="PASS" signature="tearDown()[pri:0, instance:com.crm.qa.testcases.LoginPageTest@754ba872]" name="tearDown" is-config="true" duration-ms="798" started-at="2018-06-17T23:09:03Z" finished-at="2018-06-17T23:09:04Z">
          <reporter-output>
          </reporter-output>
        </test-method> <!-- tearDown -->
        <test-method status="PASS" signature="setUp()[pri:0, instance:com.crm.qa.testcases.LoginPageTest@754ba872]" name="setUp" is-config="true" duration-ms="8529" started-at="2018-06-17T23:09:32Z" finished-at="2018-06-17T23:09:40Z">
          <reporter-output>
          </reporter-output>
        </test-method> <!-- setUp -->
        <test-method status="PASS" signature="loginTest()[pri:3, instance:com.crm.qa.testcases.LoginPageTest@754ba872]" name="loginTest" duration-ms="8115" started-at="2018-06-17T23:09:40Z" finished-at="2018-06-17T23:09:48Z">
          <reporter-output>
          </reporter-output>
        </test-method> <!-- loginTest -->
        <test-method status="PASS" signature="tearDown()[pri:0, instance:com.crm.qa.testcases.LoginPageTest@754ba872]" name="tearDown" is-config="true" duration-ms="864" started-at="2018-06-17T23:09:48Z" finished-at="2018-06-17T23:09:49Z">
          <reporter-output>
          </reporter-output>
        </test-method> <!-- tearDown -->
      </class> <!-- com.crm.qa.testcases.LoginPageTest -->
    </test> <!-- Free CRM App Test Cases -->
  </suite> <!-- Free CRM Application Test Automation suite -->
</testng-results>
